$ mkdna6idx -db Codonseq.fna -indexname Codonseq -tis -ois -v
reading file "Codonseq.fna"
total length of sequences: 102
create file "Codonseq.tis"
create file "Codonseq.ois"
create file "Codonseq.des"
create file "Codonseq.sds"
create file "Codonseq.prj"
create file "Codonseq.al1"
maximal value for argument of option -pl is 1, recommended value is 1
total length of sequences: 205 (including 5 separators)
alphabet "LVIFKREDAGSTNQYWPHMCXUBZ*-" (size 26) mapped to "LVIFKREDAGSTNQYWPHMCX" (size 21)
create file "Codonseq.6fr.tis"
create file "Codonseq.6fr.ois"
create file "Codonseq.6fr.des"
create file "Codonseq.6fr.sds"
create file "Codonseq.6fr.lcp"
initializing data structures
sorting suffixes according to prefix of length 1
sorting all buckets
create file "Codonseq.6fr.llv"
create file "Codonseq.6fr.suf"
create file "Codonseq.6fr.bwt"
create file "Codonseq.6fr.prj"
create file "Codonseq.6fr.al1"
# overall space peak: main=0.13 MB,  secondary=0.00 MB
