$ ramaco -v -phase search -l 6 -rare 5 ATS ATs-01 ATs-02 ATs-03
# file=ATs-00 350 275
# databaselength=274
# alphabet "aAcCgGtTuUnsywrkvbdhmNSYWRKVBDHM" (size 32) mapped to "acgtn" (size 5)
# ATS.tis read
# ATS.suf read
# ATS.lcp read
# ATS.sti1 read
# ATS.bck read
# searchlength = 6
# width0 = 5
# width1 = 5
# width2 = 5
# width3 = 5
# queryfile=ATs-01 of length 852
# match ATs-01 against index ATS
# create match file "ATS.ATs-01+match"
# number of matchleaves = 41
# number of matchbranches = 2 (2 = 100.00% relevant)
# matchnodes: 43 = 0.00 MB
# matchpos: 55 = 0.00 MB
# relevant intervals: 0.00 MB
# redblacktreespacepeak = 0.00 MB
# queryfile=ATs-02 of length 719
# match ATs-02 against index ATS
# create match file "ATS.ATs-02+match"
# number of matchleaves = 38
# number of matchbranches = 1 (1 = 100.00% relevant)
# matchnodes: 39 = 0.00 MB
# matchpos: 41 = 0.00 MB
# relevant intervals: 0.00 MB
# redblacktreespacepeak = 0.00 MB
# queryfile=ATs-03 of length 746
# match ATs-03 against index ATS
# create match file "ATS.ATs-03+match"
# number of matchleaves = 48
# number of matchbranches = 3 (3 = 100.00% relevant)
# matchnodes: 51 = 0.00 MB
# matchpos: 57 = 0.00 MB
# relevant intervals: 0.00 MB
# redblacktreespacepeak = 0.00 MB
# overall space peak: main: 0.08 MB, secondary: 0.00 MB
